Started by an SCM change
Obtained Jenkinsfile from git https://github.com/Gil80/MySoftware.git
[Pipeline] Start of Pipeline
[Pipeline] node
Running on worker-172.21.0.3-f7f499d0 in /var/jenkins_home/worker/workspace/lesson-9-assignment
[Pipeline] {
[Pipeline] stage
[Pipeline] { (Declarative: Checkout SCM)
[Pipeline] checkout
Selected Git installation does not exist. Using Default
The recommended git tool is: NONE
No credentials specified
Fetching changes from the remote Git repository
 > git rev-parse --resolve-git-dir /var/jenkins_home/worker/workspace/lesson-9-assignment/.git # timeout=10
 > git config remote.origin.url https://github.com/Gil80/MySoftware.git # timeout=10
Fetching upstream changes from https://github.com/Gil80/MySoftware.git
 > git --version # timeout=10
 > git --version # 'git version 2.20.1'
 > git fetch --tags --force --progress -- https://github.com/Gil80/MySoftware.git +refs/heads/*:refs/remotes/origin/* # timeout=10
Checking out Revision ecb47483439b20949cee3bd758fa732d60a4c16d (refs/remotes/origin/main)
Commit message: "Update README.md"
 > git rev-parse refs/remotes/origin/main^{commit} # timeout=10
 > git config core.sparsecheckout # timeout=10
 > git checkout -f ecb47483439b20949cee3bd758fa732d60a4c16d # timeout=10
 > git rev-list --no-walk 0022223952c649d0d36565b00c174e2485c5a202 # timeout=10
[Checks API] No suitable checks publisher found.
[Pipeline] }
[Pipeline] // stage
[Pipeline] withEnv
[Pipeline] {
[Pipeline] stage
[Pipeline] { (run click.py)
[Pipeline] sh
+ python3 click.py
Click
[Pipeline] }
[Pipeline] // stage
[Pipeline] stage
[Pipeline] { (run newScreen.py)
[Pipeline] sh
+ python3 newScreen.py
New Screen
[Pipeline] }
[Pipeline] // stage
[Pipeline] }
[Pipeline] // withEnv
[Pipeline] }
[Pipeline] // node
[Pipeline] End of Pipeline
[Checks API] No suitable checks publisher found.
Finished: SUCCESS
