error: Found argument '--websocket-port' which wasn't expected, or isn't valid in this context

USAGE:
    geckodriver [FLAGS] [OPTIONS]

For more information try --help
error: Found argument '--websocket-port' which wasn't expected, or isn't valid in this context

USAGE:
    geckodriver [FLAGS] [OPTIONS]

For more information try --help
error: Found argument '--websocket-port' which wasn't expected, or isn't valid in this context

USAGE:
    geckodriver [FLAGS] [OPTIONS]

For more information try --help
error: Found argument '--websocket-port' which wasn't expected, or isn't valid in this context

USAGE:
    geckodriver [FLAGS] [OPTIONS]

For more information try --help
1639344586697	geckodriver	INFO	Listening on 127.0.0.1:53827
1639344586708	mozrunner::runner	INFO	Running command: "/usr/bin/firefox" "--marionette" "--headless" "--remote-debugging-port" "40749" "-no-remote" "-profile" "/tmp/rust_mozprofilekKD9dL"
*** You are running in headless mode.
[GFX1-]: glxtest: libpci missing
[GFX1-]: glxtest: Unable to open a connection to the X server
[GFX1-]: glxtest: libEGL missing
[GFX1-]: No GPUs detected via PCI
1639344587957	Marionette	INFO	Marionette enabled
[GFX1-]: RenderCompositorSWGL failed mapping default framebuffer, no dt
console.warn: SearchSettings: "get: No settings file exists, new profile?" (new NotFoundError("Could not open the file at /tmp/rust_mozprofilekKD9dL/search.json.mozlz4", (void 0)))
DevTools listening on ws://localhost:40749/devtools/browser/deeddca5-12f8-4d6f-bd81-6cfc3d710339
1639344589849	Marionette	INFO	Listening on port 38743
1639344589953	RemoteAgent	WARN	TLS certificate errors will be ignored for this session
1639344591849	Marionette	INFO	Stopped listening on port 38743

###!!! [Parent][RunMessage] Error: Channel closing: too late to send/recv, messages will be lost

1639344615955	geckodriver	INFO	Listening on 127.0.0.1:60117
1639344615966	mozrunner::runner	INFO	Running command: "/usr/bin/firefox" "--marionette" "--headless" "--remote-debugging-port" "51489" "-no-remote" "-profile" "/tmp/rust_mozprofileON1Mtd"
*** You are running in headless mode.
[GFX1-]: glxtest: libpci missing
[GFX1-]: glxtest: Unable to open a connection to the X server
[GFX1-]: glxtest: libEGL missing
[GFX1-]: No GPUs detected via PCI
1639344616391	Marionette	INFO	Marionette enabled
[GFX1-]: RenderCompositorSWGL failed mapping default framebuffer, no dt
console.warn: SearchSettings: "get: No settings file exists, new profile?" (new NotFoundError("Could not open the file at /tmp/rust_mozprofileON1Mtd/search.json.mozlz4", (void 0)))
DevTools listening on ws://localhost:51489/devtools/browser/d9d95f39-a2e0-4542-8772-4f917893482d
1639344618293	Marionette	INFO	Listening on port 42885
1639344618401	RemoteAgent	WARN	TLS certificate errors will be ignored for this session
JavaScript error: https://player.ynet.co.il/fp727/flowplayer.ads.114.ynet.js, line 2: ReferenceError: flowplayer is not defined
JavaScript error: https://www.ynet.co.il/home/0,7340,L-8,00.html, line 1: ReferenceError: setNptTechAdblockerCookie is not defined
1639344622628	Marionette	INFO	Stopped listening on port 42885

###!!! [Parent][RunMessage] Error: Channel closing: too late to send/recv, messages will be lost

1639344684964	geckodriver	INFO	Listening on 127.0.0.1:58241
1639344684974	mozrunner::runner	INFO	Running command: "/usr/bin/firefox" "--marionette" "--headless" "--remote-debugging-port" "40353" "-no-remote" "-profile" "/tmp/rust_mozprofileFUcQMn"
*** You are running in headless mode.
[GFX1-]: glxtest: libpci missing
[GFX1-]: glxtest: Unable to open a connection to the X server
[GFX1-]: glxtest: libEGL missing
[GFX1-]: No GPUs detected via PCI
1639344685392	Marionette	INFO	Marionette enabled
[GFX1-]: RenderCompositorSWGL failed mapping default framebuffer, no dt
console.warn: SearchSettings: "get: No settings file exists, new profile?" (new NotFoundError("Could not open the file at /tmp/rust_mozprofileFUcQMn/search.json.mozlz4", (void 0)))
DevTools listening on ws://localhost:40353/devtools/browser/59794de7-bac7-4b85-966e-f5114f3c59ff
1639344687316	Marionette	INFO	Listening on port 38019
1639344687418	RemoteAgent	WARN	TLS certificate errors will be ignored for this session
JavaScript error: https://player.ynet.co.il/fp727/flowplayer.ads.114.ynet.js, line 2: ReferenceError: flowplayer is not defined
JavaScript error: https://www.ynet.co.il/home/0,7340,L-8,00.html, line 1: ReferenceError: setNptTechAdblockerCookie is not defined
1639344691236	Marionette	INFO	Stopped listening on port 38019
[Parent 458, IPC I/O Parent] WARNING: FileDescriptorSet destroyed with unconsumed descriptors: file /build/firefox-YTnrc5/firefox-95.0+build1/ipc/chromium/src/chrome/common/file_descriptor_set_posix.cc:19

###!!! [Parent][RunMessage] Error: Channel closing: too late to send/recv, messages will be lost

1639344743243	geckodriver	INFO	Listening on 127.0.0.1:41001
1639344743253	mozrunner::runner	INFO	Running command: "/usr/bin/firefox" "--marionette" "--headless" "--remote-debugging-port" "44609" "-no-remote" "-profile" "/tmp/rust_mozprofiledMLb69"
*** You are running in headless mode.
[GFX1-]: glxtest: libpci missing
[GFX1-]: glxtest: Unable to open a connection to the X server
[GFX1-]: glxtest: libEGL missing
[GFX1-]: No GPUs detected via PCI
1639344744493	Marionette	INFO	Marionette enabled
[GFX1-]: RenderCompositorSWGL failed mapping default framebuffer, no dt
console.warn: SearchSettings: "get: No settings file exists, new profile?" (new NotFoundError("Could not open the file at /tmp/rust_mozprofiledMLb69/search.json.mozlz4", (void 0)))
DevTools listening on ws://localhost:44609/devtools/browser/89784386-dc07-4adf-b30a-0b4573568fb1
1639344746443	Marionette	INFO	Listening on port 32891
1639344746490	RemoteAgent	WARN	TLS certificate errors will be ignored for this session
JavaScript error: https://player.ynet.co.il/fp727/flowplayer.ads.114.ynet.js, line 2: ReferenceError: flowplayer is not defined
JavaScript error: https://www.ynet.co.il/home/0,7340,L-8,00.html, line 1: ReferenceError: setNptTechAdblockerCookie is not defined
1639344751188	Marionette	INFO	Stopped listening on port 32891
JavaScript error: resource://gre/modules/AsyncShutdown.jsm, line 718: Error: Phase "Sqlite.jsm: wait until all connections are closed" is finished, it is too late to register completion condition "protections.sqlite#0: waiting for shutdown"

###!!! [Parent][RunMessage] Error: Channel closing: too late to send/recv, messages will be lost

